INFO:reversi:Main window was initialized.
INFO:reversi:Start dialog was initialized.
INFO:reversi:Game frame was initialized with {} parameters.
INFO:reversi:Messages was sent from game frame to main window.
INFO:reversi:White made move to (4, 5) place.
INFO:reversi:Messages was sent from game frame to main window.
INFO:reversi:Black made move to (4, 5) place.
INFO:reversi:Messages was sent from game frame to main window.
INFO:reversi:White made move to (3, 2) place.
INFO:reversi:Messages was sent from game frame to main window.
INFO:reversi:Black made move to (3, 2) place.
INFO:reversi:Messages was sent from game frame to main window.
INFO:reversi:White made move to (4, 7) place.
INFO:reversi:Messages was sent from game frame to main window.
INFO:reversi:Black made move to (4, 7) place.
INFO:reversi:Messages was sent from game frame to main window.
INFO:reversi:White made move to (1, 2) place.
INFO:reversi:Messages was sent from game frame to main window.
INFO:reversi:Black made move to (1, 2) place.
INFO:reversi:Messages was sent from game frame to main window.
INFO:reversi:White made move to (3, 6) place.
INFO:reversi:Messages was sent from game frame to main window.
INFO:reversi:Black made move to (3, 6) place.
INFO:reversi:Messages was sent from game frame to main window.
INFO:reversi:White made move to (1, 0) place.
INFO:reversi:Messages was sent from game frame to main window.
INFO:reversi:Black made move to (1, 0) place.
INFO:reversi:Messages was sent from game frame to main window.
INFO:reversi:White made move to (6, 5) place.
INFO:reversi:Messages was sent from game frame to main window.
INFO:reversi:Black made move to (6, 5) place.
INFO:reversi:Messages was sent from game frame to main window.
INFO:reversi:White made move to (2, 7) place.
INFO:reversi:Messages was sent from game frame to main window.
INFO:reversi:Black made move to (2, 7) place.
INFO:reversi:Messages was sent from game frame to main window.
INFO:reversi:White made move to (5, 4) place.
INFO:reversi:Messages was sent from game frame to main window.
INFO:reversi:Black made move to (5, 4) place.
INFO:reversi:Messages was sent from game frame to main window.
INFO:reversi:White made move to (6, 3) place.
INFO:reversi:Messages was sent from game frame to main window.
INFO:reversi:Black made move to (6, 3) place.
INFO:reversi:Messages was sent from game frame to main window.
INFO:reversi:White made move to (7, 6) place.
INFO:reversi:Messages was sent from game frame to main window.
INFO:reversi:Black made move to (7, 6) place.
INFO:reversi:Messages was sent from game frame to main window.
INFO:reversi:White made move to (7, 4) place.
INFO:reversi:Messages was sent from game frame to main window.
INFO:reversi:Black made move to (7, 4) place.
INFO:reversi:Messages was sent from game frame to main window.
INFO:reversi:White made move to (7, 3) place.
INFO:reversi:Messages was sent from game frame to main window.
INFO:reversi:Black made move to (7, 3) place.
INFO:reversi:Messages was sent from game frame to main window.
INFO:reversi:White made move to (4, 2) place.
INFO:reversi:Messages was sent from game frame to main window.
INFO:reversi:Black made move to (4, 2) place.
INFO:reversi:Messages was sent from game frame to main window.
INFO:reversi:White made move to (6, 2) place.
INFO:reversi:Messages was sent from game frame to main window.
INFO:reversi:Black made move to (6, 2) place.
INFO:reversi:Messages was sent from game frame to main window.
INFO:reversi:White made move to (6, 1) place.
INFO:reversi:Messages was sent from game frame to main window.
INFO:reversi:Black made move to (6, 1) place.
INFO:reversi:Messages was sent from game frame to main window.
INFO:reversi:White made move to (4, 1) place.
INFO:reversi:Messages was sent from game frame to main window.
INFO:reversi:Black made move to (4, 1) place.
INFO:reversi:Messages was sent from game frame to main window.
INFO:reversi:White made move to (2, 5) place.
INFO:reversi:Messages was sent from game frame to main window.
INFO:reversi:Black made move to (2, 5) place.
INFO:reversi:Messages was sent from game frame to main window.
INFO:reversi:White made move to (2, 3) place.
INFO:reversi:Messages was sent from game frame to main window.
INFO:reversi:Black made move to (2, 3) place.
INFO:reversi:Messages was sent from game frame to main window.
INFO:reversi:White made move to (3, 0) place.
INFO:reversi:Messages was sent from game frame to main window.
INFO:reversi:Black made move to (3, 0) place.
INFO:reversi:Messages was sent from game frame to main window.
INFO:reversi:White made move to (4, 0) place.
INFO:reversi:Messages was sent from game frame to main window.
INFO:reversi:Black made move to (4, 0) place.
INFO:reversi:Messages was sent from game frame to main window.
INFO:reversi:White made move to (6, 0) place.
INFO:reversi:Messages was sent from game frame to main window.
INFO:reversi:Black made move to (6, 0) place.
INFO:reversi:Messages was sent from game frame to main window.
INFO:reversi:White made move to (7, 1) place.
INFO:reversi:Messages was sent from game frame to main window.
INFO:reversi:Black made move to (7, 1) place.
INFO:reversi:Messages was sent from game frame to main window.
INFO:reversi:White made move to (6, 7) place.
INFO:reversi:Messages was sent from game frame to main window.
INFO:reversi:Black made move to (6, 7) place.
INFO:reversi:Messages was sent from game frame to main window.
INFO:reversi:White made move to (0, 6) place.
INFO:reversi:Messages was sent from game frame to main window.
INFO:reversi:Black made move to (0, 6) place.
INFO:reversi:Messages was sent from game frame to main window.
INFO:reversi:White made move to (1, 6) place.
INFO:reversi:Messages was sent from game frame to main window.
INFO:reversi:Black made move to (1, 6) place.
INFO:reversi:Messages was sent from game frame to main window.
INFO:reversi:White made move to (0, 5) place.
INFO:reversi:Messages was sent from game frame to main window.
INFO:reversi:Black made move to (0, 5) place.
INFO:reversi:Messages was sent from game frame to main window.
INFO:reversi:White made move to (0, 3) place.
INFO:reversi:Messages was sent from game frame to main window.
INFO:reversi:Black made move to (0, 3) place.
INFO:reversi:Messages was sent from game frame to main window.
INFO:reversi:White made move to (0, 2) place.
INFO:reversi:Messages was sent from game frame to main window.
INFO:reversi:Black made move to (0, 2) place.
INFO:reversi:Messages was sent from game frame to main window.
INFO:reversi:White made move to (2, 6) place.
INFO:reversi:Messages was sent from game frame to main window.
INFO:reversi:Messages was sent from game frame to main window.
INFO:reversi:Game over. White won!.
INFO:reversi:Messages was sent from game frame to main window.
INFO:reversi:Game was restarted with {'size': 8, 'player': 'X', 'mode': 'Classic', 'opponent': 'Ai', 'lvl': 'Hard'} parameters.
INFO:reversi:White made move to (4, 5) place.
INFO:reversi:Messages was sent from game frame to main window.
INFO:reversi:Black made move to (4, 5) place.
INFO:reversi:Messages was sent from game frame to main window.
INFO:reversi:White made move to (5, 4) place.
INFO:reversi:Messages was sent from game frame to main window.
INFO:reversi:Black made move to (5, 4) place.
INFO:reversi:Messages was sent from game frame to main window.
INFO:reversi:White made move to (6, 3) place.
INFO:reversi:Messages was sent from game frame to main window.
INFO:reversi:Black made move to (6, 3) place.
INFO:reversi:Messages was sent from game frame to main window.
INFO:reversi:White made move to (3, 6) place.
INFO:reversi:Messages was sent from game frame to main window.
INFO:reversi:Black made move to (3, 6) place.
INFO:reversi:Messages was sent from game frame to main window.
INFO:reversi:White made move to (2, 3) place.
INFO:reversi:Messages was sent from game frame to main window.
INFO:reversi:Black made move to (2, 3) place.
INFO:reversi:Messages was sent from game frame to main window.
INFO:reversi:White made move to (4, 1) place.
INFO:reversi:Messages was sent from game frame to main window.
INFO:reversi:Black made move to (4, 1) place.
INFO:reversi:Messages was sent from game frame to main window.
INFO:reversi:White made move to (0, 3) place.
INFO:reversi:Messages was sent from game frame to main window.
INFO:reversi:Black made move to (0, 3) place.
INFO:reversi:Messages was sent from game frame to main window.
INFO:reversi:White made move to (6, 6) place.
INFO:reversi:Messages was sent from game frame to main window.
INFO:reversi:Black made move to (6, 6) place.
INFO:reversi:Messages was sent from game frame to main window.
INFO:reversi:White made move to (7, 4) place.
INFO:reversi:Messages was sent from game frame to main window.
INFO:reversi:Black made move to (7, 4) place.
INFO:reversi:Messages was sent from game frame to main window.
INFO:reversi:White made move to (6, 4) place.
INFO:reversi:Messages was sent from game frame to main window.
INFO:reversi:Black made move to (6, 4) place.
INFO:reversi:Messages was sent from game frame to main window.
INFO:reversi:White made move to (7, 2) place.
INFO:reversi:Messages was sent from game frame to main window.
INFO:reversi:Black made move to (7, 2) place.
INFO:reversi:Messages was sent from game frame to main window.
INFO:reversi:White made move to (6, 2) place.
INFO:reversi:Messages was sent from game frame to main window.
INFO:reversi:Black made move to (6, 2) place.
INFO:reversi:Messages was sent from game frame to main window.
INFO:reversi:White made move to (7, 6) place.
INFO:reversi:Messages was sent from game frame to main window.
INFO:reversi:Black made move to (7, 6) place.
INFO:reversi:Messages was sent from game frame to main window.
INFO:reversi:White made move to (6, 0) place.
INFO:reversi:Messages was sent from game frame to main window.
INFO:reversi:Black made move to (6, 0) place.
INFO:reversi:Messages was sent from game frame to main window.
INFO:reversi:White made move to (3, 7) place.
INFO:reversi:Messages was sent from game frame to main window.
INFO:reversi:Black made move to (3, 7) place.
INFO:reversi:Messages was sent from game frame to main window.
INFO:reversi:White made move to (2, 4) place.
INFO:reversi:Messages was sent from game frame to main window.
INFO:reversi:Black made move to (2, 4) place.
INFO:reversi:Messages was sent from game frame to main window.
INFO:reversi:White made move to (4, 2) place.
INFO:reversi:Messages was sent from game frame to main window.
INFO:reversi:Black made move to (4, 2) place.
INFO:reversi:Messages was sent from game frame to main window.
INFO:reversi:White made move to (5, 1) place.
INFO:reversi:Messages was sent from game frame to main window.
INFO:reversi:Black made move to (5, 1) place.
INFO:reversi:Messages was sent from game frame to main window.
INFO:reversi:White made move to (5, 6) place.
INFO:reversi:Messages was sent from game frame to main window.
INFO:reversi:Black made move to (5, 6) place.
INFO:reversi:Messages was sent from game frame to main window.
INFO:reversi:White made move to (2, 7) place.
INFO:reversi:Messages was sent from game frame to main window.
INFO:reversi:Black made move to (2, 7) place.
INFO:reversi:Messages was sent from game frame to main window.
INFO:reversi:White made move to (2, 5) place.
INFO:reversi:Messages was sent from game frame to main window.
INFO:reversi:Black made move to (2, 5) place.
INFO:reversi:Messages was sent from game frame to main window.
INFO:reversi:White made move to (2, 2) place.
INFO:reversi:Messages was sent from game frame to main window.
INFO:reversi:Black made move to (2, 2) place.
INFO:reversi:Messages was sent from game frame to main window.
INFO:reversi:White made move to (0, 5) place.
INFO:reversi:Messages was sent from game frame to main window.
INFO:reversi:Black made move to (0, 5) place.
INFO:reversi:Messages was sent from game frame to main window.
INFO:reversi:White made move to (0, 4) place.
INFO:reversi:Messages was sent from game frame to main window.
INFO:reversi:Black made move to (0, 4) place.
INFO:reversi:Messages was sent from game frame to main window.
INFO:reversi:White made move to (0, 7) place.
INFO:reversi:Messages was sent from game frame to main window.
INFO:reversi:Black made move to (0, 7) place.
INFO:reversi:Messages was sent from game frame to main window.
INFO:reversi:White made move to (1, 1) place.
INFO:reversi:Messages was sent from game frame to main window.
INFO:reversi:Black made move to (1, 1) place.
INFO:reversi:Messages was sent from game frame to main window.
INFO:reversi:White made move to (4, 7) place.
INFO:reversi:Messages was sent from game frame to main window.
INFO:reversi:Black made move to (4, 7) place.
INFO:reversi:Messages was sent from game frame to main window.
INFO:reversi:No moves for Black's opponent
INFO:reversi:White made move to (3, 1) place.
INFO:reversi:Messages was sent from game frame to main window.
INFO:reversi:Black made move to (3, 1) place.
INFO:reversi:Messages was sent from game frame to main window.
INFO:reversi:White made move to (2, 1) place.
INFO:reversi:Messages was sent from game frame to main window.
INFO:reversi:Black made move to (2, 1) place.
INFO:reversi:Messages was sent from game frame to main window.
INFO:reversi:Messages was sent from game frame to main window.
INFO:reversi:Game over. White won!.
INFO:reversi:Main window was initialized.
INFO:reversi:Start dialog was initialized.
INFO:reversi:Game frame was initialized with {} parameters.
INFO:reversi:Messages was sent from game frame to main window.
INFO:reversi:Black made move to (14, 16) place.
INFO:reversi:Messages was sent from game frame to main window.
INFO:reversi:White made move to (14, 16) place.
INFO:reversi:Messages was sent from game frame to main window.
INFO:reversi:Black made move to (16, 13) place.
INFO:reversi:Messages was sent from game frame to main window.
INFO:reversi:White made move to (16, 13) place.
INFO:reversi:Messages was sent from game frame to main window.
INFO:reversi:Messages was sent from game frame to main window.
INFO:reversi:Black made move to (1, 3) place.
INFO:reversi:Messages was sent from game frame to main window.
INFO:reversi:White made move to (2, 3) place.
INFO:reversi:Messages was sent from game frame to main window.
INFO:reversi:Black made move to (3, 2) place.
INFO:reversi:Messages was sent from game frame to main window.
INFO:reversi:White made move to (0, 3) place.
INFO:reversi:Messages was sent from game frame to main window.
INFO:reversi:Black made move to (3, 1) place.
INFO:reversi:Messages was sent from game frame to main window.
INFO:reversi:White made move to (3, 0) place.
INFO:reversi:Messages was sent from game frame to main window.
INFO:reversi:Black made move to (0, 2) place.
INFO:reversi:Messages was sent from game frame to main window.
INFO:reversi:White made move to (0, 1) place.
INFO:reversi:Messages was sent from game frame to main window.
INFO:reversi:Black made move to (0, 0) place.
INFO:reversi:Messages was sent from game frame to main window.
INFO:reversi:White made move to (3, 3) place.
INFO:reversi:Messages was sent from game frame to main window.
INFO:reversi:Black made move to (2, 0) place.
INFO:reversi:Messages was sent from game frame to main window.
INFO:reversi:Messages was sent from game frame to main window.
INFO:reversi:Game over. Black won!.
INFO:reversi:Messages was sent from game frame to main window.
INFO:reversi:Game was restarted with {'size': 4, 'player': 'O', 'mode': 'Classic', 'opponent': 'Human', 'lvl': 'Medium'} parameters.
INFO:reversi:Main window was initialized.
INFO:reversi:Start dialog was initialized.
INFO:reversi:Game frame was initialized with {} parameters.
INFO:reversi:Messages was sent from game frame to main window.
INFO:reversi:Main window was initialized.
INFO:reversi:Start dialog was initialized.
INFO:reversi:Game frame was initialized with {} parameters.
INFO:reversi:Main window was initialized.
INFO:reversi:Start dialog was initialized.
INFO:reversi:Game frame was initialized with {} parameters.
INFO:reversi:Main window was initialized.
INFO:reversi:Start dialog was initialized.
INFO:reversi:Game frame was initialized with {} parameters.
WARNING:reversi:IllegalArgumentError: Field can't be not even or less than 4..
INFO:reversi:Main window was initialized.
INFO:reversi:Start dialog was initialized.
INFO:reversi:Game frame was initialized with {} parameters.
WARNING:reversi:IllegalArgumentError: Field can't be not even or less than 4..
INFO:reversi:Main window was initialized.
INFO:reversi:Start dialog was initialized.
INFO:reversi:Game frame was initialized with {} parameters.
